 Apr 17 2017		 SERVER: USER SELECT SHOW 
 
 Apr 17 2017		 SERVER: USER SELECT DELETE 
 
 Apr 17 2017		 SERVER: USER SELECT DELETE 
 
 Apr 17 2017		 SERVER: USER SELECT INSERT 4
 
 Apr 17 2017		 SERVER: USER SELECT SHOW 4
 
 Apr 17 2017		 SERVER: USER SELECT SHOW 4
 
 Apr 17 2017		 SERVER: USER SELECT DELETE 4
 
 Apr 17 2017		 SERVER: USER SELECT SEARCH 4
 
 Apr 17 2017		 SERVER: USER SELECT EXIT 4
 
 Apr 17 2017		 SERVER: USER SELECT SHOW 4
 
 Apr 17 2017		 SERVER: USER SELECT INSERT 5
 
 Apr 17 2017		 SERVER: USER SELECT SHOW 4
 
 Apr 17 2017		 SERVER: USER SELECT SHOW 5
 
 Apr 17 2017		 SERVER: USER SELECT INSERT 5
 
 Apr 17 2017		 SERVER: USER SELECT SHOW 4
 
 Apr 17 2017		 SERVER: USER SELECT DELETE 4
 
 Apr 17 2017		 SERVER: USER SELECT SEARCH 4
 
 Apr 17 2017		 SERVER: USER SELECT SEARCH 4
 
 Apr 17 2017		 SERVER: USER SELECT SEARCH 4
 
 Apr 17 2017		 SERVER: USER SELECT SEARCH 4
 
 Apr 17 2017		 SERVER: USER SELECT SEARCH 4
 
 Apr 17 2017		 SERVER: USER SELECT SHOW 4
 
 Apr 17 2017		 SERVER: USER SELECT SHOW 4
 
 Apr 17 2017		 SERVER: USER SELECT SHOW 4
 
 Apr 17 2017		 SERVER: USER SELECT SHOW 4
 
 Apr 17 2017		 SERVER: USER SELECT SHOW 4
 
 Apr 17 2017		 SERVER: USER SELECT SHOW 4
 
 Apr 17 2017		 SERVER: USER SELECT SHOW 4
 
 Apr 17 2017		 SERVER: USER SELECT SHOW 4
 
 Apr 17 2017		 SERVER: USER SELECT SHOW 4
 
 Apr 17 2017		 SERVER: USER SELECT SHOW 4
 
 Apr 17 2017		 SERVER: USER SELECT EXIT 4
 
 Apr 17 2017		 SERVER: USER SELECT SHOW 4
 
 Apr 17 2017		 SERVER: USER SELECT SHOW 5
 
